[debug] [2017-11-13T20:39:10.194Z] ----------------------------------------------------------------------
[debug] [2017-11-13T20:39:10.196Z] Command:       C:\Program Files\nodejs\node.exe C:\Users\Fawn\AppData\Roaming\npm\node_modules\firebase-tools\bin\firebase init
[debug] [2017-11-13T20:39:10.196Z] CLI Version:   3.15.0
[debug] [2017-11-13T20:39:10.196Z] Platform:      win32
[debug] [2017-11-13T20:39:10.196Z] Node Version:  v9.1.0
[debug] [2017-11-13T20:39:10.196Z] Time:          Mon Nov 13 2017 15:39:10 GMT-0500 (Eastern Standard Time)
[debug] [2017-11-13T20:39:10.196Z] ----------------------------------------------------------------------
[debug] 
[debug] [2017-11-13T20:39:10.205Z] > command requires scopes: ["email","openid","https://www.googleapis.com/auth/cloudplatformprojects.readonly","https://www.googleapis.com/auth/firebase"]
[debug] [2017-11-13T20:39:10.205Z] > authorizing via signed-in user
[info] 
     ######## #### ########  ######## ########     ###     ######  ########
     ##        ##  ##     ## ##       ##     ##  ##   ##  ##       ##
     ######    ##  ########  ######   ########  #########  ######  ######
     ##        ##  ##    ##  ##       ##     ## ##     ##       ## ##
     ##       #### ##     ## ######## ########  ##     ##  ######  ########

You're about to initialize a Firebase project in this directory:

  C:\Users\Fawn\Documents\GitHub\post.visualize.angular

Before we get started, keep in mind:

  * You are initializing in an existing Firebase project directory

[info] 
=== Project Setup
[info] 
[info] First, let's associate this project directory with a Firebase project.
[info] You can create multiple project aliases by running firebase use --add, 
[info] but for now we'll just set up a default project.
[info] 
[debug] [2017-11-13T20:40:10.119Z] > refreshing access token with scopes: ["email","https://www.googleapis.com/auth/cloudplatformprojects.readonly","https://www.googleapis.com/auth/firebase","openid"]
[debug] [2017-11-13T20:40:10.119Z] >>> HTTP REQUEST POST https://www.googleapis.com/oauth2/v3/token { refresh_token: '1/RMyXtJHXXwAz7VFDtndfbWN7mSpcVXkpHb-3t9ZAofQ',
  client_id: '563584335869-fgrhgmd47bqnekij5i8b5pr03ho849e6.apps.googleusercontent.com',
  client_secret: 'j9iVZfS8kkCEFUPaAeJV0sAi',
  grant_type: 'refresh_token',
  scope: 'email https://www.googleapis.com/auth/cloudplatformprojects.readonly https://www.googleapis.com/auth/firebase openid' } 
 Mon Nov 13 2017 15:40:10 GMT-0500 (Eastern Standard Time)
[debug] [2017-11-13T20:40:10.255Z] <<< HTTP RESPONSE 200
[debug] [2017-11-13T20:40:10.264Z] >>> HTTP REQUEST GET https://admin.firebase.com/v1/projects  
 Mon Nov 13 2017 15:40:10 GMT-0500 (Eastern Standard Time)
[debug] [2017-11-13T20:40:10.717Z] <<< HTTP RESPONSE 200
